Forma do polinomio de cada intervalo:
a(Xi - x)³ + b(x - Xi-1)³ + c(Xi - x) + d(x - Xi-1)
Coeficientes [a,b,c,d] do spline cubico:
[
[ 0.000000, 0.252284, 1.000000, 2.465998 ]
[ 0.252284, 1.943356, 2.465998, 5.445701 ]
[ 1.943356, 0.000000, 5.445701, 20.085537 ]
]

O metodo de Gauss-Seidel foi executado com:
Iteracoes: 17 
Erro: 0.0000000000000000000000000000000 

Integral (n = 10.000000) do spline de 0.000000 a 3.000000: 17.5951475854741200000000000000000
Integral (n = 100.000000) do spline de 0.000000 a 3.000000: 19.3516431710675860000000000000000
Integral (n = 1000.000000) do spline de 0.000000 a 3.000000: 19.5322028925325240000000000000000
Integral (n = 10000.000000) do spline de 0.000000 a 3.000000: 19.5502779494524820000000000000000
Integral (n = 100000.000000) do spline de 0.000000 a 3.000000: 19.5520856338729380000000000000000
Integral (n = 1000000.000000) do spline de 0.000000 a 3.000000: 19.5522664039317600000000000000000
Integrais dos intervalos do spline:
de 0.000000 a 1.000000: 1.2394272761530150000000000000000
de 1.000000 a 2.000000: 3.3691126424632318000000000000000
de 2.000000 a 3.000000: 9.1581976740394389000000000000000
