Forma do polinomio de cada intervalo:
a(Xi - x)³ + b(x - Xi-1)³ + c(Xi - x) + d(x - Xi-1)
Coeficientes [a,b,c,d] do spline cubico:
[
[ 0.000000, -4.896310, 0.000000, 3.134446 ]
[ -4.896310, -6.924428, 3.134446, 4.432777 ]
[ -6.924428, -4.896310, 4.432777, 3.134446 ]
[ -4.896310, 0.000000, 3.134446, 0.000000 ]
]

O metodo de Gauss-Seidel foi executado com:
Iteracoes: 21 
Erro: 0.0000000000000000000000000000000 

Avaliando f(x) f'(x) f''(x) nos pontos:
[ 0.000000 ]

x     : 0.000000
f(x)  : 0.9999999999999998900000000000000
f'(x) h=0.1000000000: -0.0000000000000000672205346941013
f'(x) h=0.0100000000: -0.0000000000000001599198204416119
f'(x) h=0.0010000000: 0.0000000000000123327997120226100
f'(x) h=0.0001000000: 0.0000000000001233279971202260800
f'(x) h=0.0000100000: 0.0000000000004282598581317740500
f'(x) h=0.0000010000: 0.0000000000073996798272135645000
f'(x) h=0.0000001000: -0.0000000001956984921336334500000
f'(x) h=0.0000000100: -0.0000000024828229749918039000000
f'(x) h=0.0000000010: -0.0000000043639137442541529000000
f'(x) h=0.0000000001: -0.0000001141122786540992800000000
f''(x) h=0.1000000000: -9.9810186953581876000000000000000
f''(x) h=0.0100000000: -10.3460791834940850000000000000000
f''(x) h=0.0010000000: -10.3825867553603000000000000000000
f''(x) h=0.0001000000: -10.3862358513911770000000000000000
f''(x) h=0.0000100000: -10.3866005862285600000000000000000
f''(x) h=0.0000010000: -10.3865920855414270000000000000000
f''(x) h=0.0000001000: -10.3988974549384850000000000000000
f''(x) h=0.0000000100: -10.6306023012203600000000000000000
f''(x) h=0.0000000010: 7.2099444470285983000000000000000
f''(x) h=0.0000000001: 2027.4580625478909000000000000000000

Integral (n = 10.000000) do spline de -0.500000 a 0.500000: 0.6297370390305896400000000000000
Integral (n = 100.000000) do spline de -0.500000 a 0.500000: 0.6361505740427685400000000000000
Integral (n = 1000.000000) do spline de -0.500000 a 0.500000: 0.6362033516120898500000000000000
Integral (n = 10000.000000) do spline de -0.500000 a 0.500000: 0.6362038697165253200000000000000
Integral (n = 100000.000000) do spline de -0.500000 a 0.500000: 0.6362038749132454800000000000000
Integral (n = 1000000.000000) do spline de -0.500000 a 0.500000: 0.6362038749635570100000000000000
Integrais dos intervalos do spline:
de -0.500000 a -0.250000: 0.0589255650988789600000000000000
de -0.250000 a 0.000000: 0.1422588984322122900000000000000
de 0.000000 a 0.250000: 0.1422588984322122900000000000000
de 0.250000 a 0.500000: 0.0589255650988789600000000000000
