Forma do polinomio de cada intervalo:
a(Xi - x)³ + b(x - Xi-1)³ + c(Xi - x) + d(x - Xi-1)
Coeficientes [a,b,c,d] do spline cubico:
[
[ 0.000000, -5.100956, 0.000000, 3.141170 ]
[ -5.100956, -9.425338, 3.141170, 5.804125 ]
[ -9.425338, -12.314798, 5.804125, 7.583455 ]
[ -12.314798, -13.329441, 7.583455, 8.208273 ]
[ -13.329441, -12.314798, 8.208273, 7.583455 ]
[ -12.314798, -9.425338, 7.583455, 5.804125 ]
[ -9.425338, -5.100956, 5.804125, 3.141170 ]
[ -5.100956, 0.000000, 3.141170, 0.000000 ]
]

O metodo de Gauss-Seidel foi executado com:
Iteracoes: 27 
Erro: 0.0000000000000000000000000000000 

Avaliando f(x) f'(x) f''(x) nos pontos:
[ 0.000000 ]

x     : 0.000000
f(x)  : 1.0000000000000000000000000000000
f'(x) h=0.1000000000: -0.0000000000000000070473141211558
f'(x) h=0.0100000000: -0.0000000000000003089976191583687
f'(x) h=0.0010000000: 0.0000000000000081315162936412817
f'(x) h=0.0001000000: -0.0000000000001740144486839233900
f'(x) h=0.0000100000: -0.0000000000008375461782450517700
f'(x) h=0.0000010000: 0.0000000000101643953670516010000
f'(x) h=0.0000001000: -0.0000000002377113263174466900000
f'(x) h=0.0000000100: -0.0000000008538092108323343300000
f'(x) h=0.0000000010: -0.0000000339355279987962760000000
f'(x) h=0.0000000001: -0.0000003859759734048393700000000
f''(x) h=0.1000000000: -9.7941522909583121000000000000000
f''(x) h=0.0100000000: -9.9767873452882050000000000000000
f''(x) h=0.0010000000: -9.9950523190405907000000000000000
f''(x) h=0.0001000000: -9.9968772224103368000000000000000
f''(x) h=0.0000100000: -9.9970596839811439000000000000000
f''(x) h=0.0000010000: -9.9971347931708454000000000000000
f''(x) h=0.0000001000: -10.0096146649075650000000000000000
f''(x) h=0.0000000100: -10.9217105845327180000000000000000
f''(x) h=0.0000000010: -155.3661713171726400000000000000000
f''(x) h=0.0000000001: -14474.0990026814670000000000000000000

Integral (n = 10.000000) do spline de -0.500000 a 0.500000: 0.6301170071563385600000000000000
Integral (n = 100.000000) do spline de -0.500000 a 0.500000: 0.6365441514617556900000000000000
Integral (n = 1000.000000) do spline de -0.500000 a 0.500000: 0.6365970419864059900000000000000
Integral (n = 10000.000000) do spline de -0.500000 a 0.500000: 0.6365975612034553400000000000000
Integral (n = 100000.000000) do spline de -0.500000 a 0.500000: 0.6365975664112754100000000000000
Integral (n = 1000000.000000) do spline de -0.500000 a 0.500000: 0.6365975664617386000000000000000
Integrais dos intervalos do spline:
de -0.500000 a -0.375000: 0.0159451430152120730000000000000
de -0.375000 a -0.250000: 0.0454079255646515560000000000000
de -0.250000 a -0.125000: 0.0679577630707430960000000000000
de -0.125000 a 0.000000: 0.0801616471879702810000000000000
de 0.000000 a 0.125000: 0.0801616471879702810000000000000
de 0.125000 a 0.250000: 0.0679577630707430960000000000000
de 0.250000 a 0.375000: 0.0454079255646515560000000000000
de 0.375000 a 0.500000: 0.0159451430152120770000000000000
