Forma do polinomio de cada intervalo:
a(Xi - x)³ + b(x - Xi-1)³ + c(Xi - x) + d(x - Xi-1)
Coeficientes [a,b,c,d] do spline cubico:
[
[ 0.000000, -15.885184, 8.000000, 7.639242 ]
[ -15.885184, -8.473235, 7.639242, 5.789249 ]
[ -8.473235, -5.338982, 5.789249, 3.144889 ]
[ -5.338982, -0.000000, 3.144889, 0.000000 ]
[ -0.000000, 5.338982, 0.000000, -3.144889 ]
[ 5.338982, 8.473235, -3.144889, -5.789249 ]
[ 8.473235, 15.885184, -5.789249, -7.639242 ]
[ 15.885184, 0.000000, -7.639242, -8.000000 ]
]

O metodo de Gauss-Seidel foi executado com:
Iteracoes: 29 
Erro: 0.0000000000000000000000000000000 

Avaliando f(x) f'(x) f''(x) nos pontos:
[ 0.500000 ]

x     : 0.500000
f(x)  : 0.0000000000000000612323399573677
f'(x) h=0.1000000000: -3.0914994990499127000000000000000
f'(x) h=0.0100000000: -3.1443521554858394000000000000000
f'(x) h=0.0010000000: -3.1448432233752328000000000000000
f'(x) h=0.0001000000: -3.1449422337557866000000000000000
f'(x) h=0.0000100000: -3.1491599114944275000000000000000
f'(x) h=0.0000010000: -3.1866499109776938000000000000000
f'(x) h=0.0000001000: -3.2803749083650438000000000000000
f'(x) h=0.0000000100: 0.0000000000000000000000002311116
f'(x) h=0.0000000010: 0.0000000000000000000000023111159
f'(x) h=0.0000000001: 0.0000000000000000000000231111593
f''(x) h=0.1000000000: -0.0000088951574748715491000000000
f''(x) h=0.0100000000: -0.0000000000000332036915323685610
f''(x) h=0.0010000000: -0.0000000000001994762590783876300
f''(x) h=0.0001000000: -9.3724992608297235000000000000000
f''(x) h=0.0000100000: -0.0000000000825857123572942180000
f''(x) h=0.0000010000: -0.0000000004512270241476762900000
f''(x) h=0.0000001000: -9372499.7381854933000000000000000000000
f''(x) h=0.0000000100: 0.0000000000000000770371977754894
f''(x) h=0.0000000010: 0.0000000000000077037197775489371
f''(x) h=0.0000000001: 0.0000000000007703719777548934300

Integral (n = 10.000000) do spline de 0.000000 a 1.000000: 0.0368145849218001410000000000000
Integral (n = 100.000000) do spline de 0.000000 a 1.000000: 0.0033608745995010038000000000000
Integral (n = 1000.000000) do spline de 0.000000 a 1.000000: 0.0003336074979117403500000000000
Integral (n = 10000.000000) do spline de 0.000000 a 1.000000: 0.0000333360156711169380000000000
Integral (n = 100000.000000) do spline de 0.000000 a 1.000000: 0.0000033333574791885120000000000
Integral (n = 1000000.000000) do spline de 0.000000 a 1.000000: 0.0000003333342665603380200000000
Integrais dos intervalos do spline:
de 0.000000 a 0.125000: 0.0801616471879702810000000000000
de 0.125000 a 0.250000: 0.0679577630707430960000000000000
de 0.250000 a 0.375000: 0.0454079255646515560000000000000
de 0.375000 a 0.500000: 0.0159451430152120770000000000000
de 0.500000 a 0.625000: -0.0159451430152120700000000000000
de 0.625000 a 0.750000: -0.0454079255646515490000000000000
de 0.750000 a 0.875000: -0.0679577630707430960000000000000
de 0.875000 a 1.000000: -0.0801616471879702810000000000000
