Forma do polinomio de cada intervalo:
a(Xi - x)³ + b(x - Xi-1)³ + c(Xi - x) + d(x - Xi-1)
Coeficientes [a,b,c,d] do spline cubico:
[
[ 0.000000, -6.627417, 4.000000, 3.242641 ]
[ -6.627417, 0.000000, 3.242641, 0.000000 ]
[ 0.000000, 6.627417, 0.000000, -3.242641 ]
[ 6.627417, 0.000000, -3.242641, -4.000000 ]
]

O metodo de Gauss-Seidel foi executado com:
Iteracoes: 21 
Erro: 0.0000000000000000000000000000000 

Avaliando f(x) f'(x) f''(x) nos pontos:
[ 0.500000 ]

x     : 0.500000
f(x)  : 0.0000000000000000612323399573677
f'(x) h=0.1000000000: -3.1763667892781355000000000000000
f'(x) h=0.0100000000: -3.2419748548924643000000000000000
f'(x) h=0.0010000000: -3.2425923122458604000000000000000
f'(x) h=0.0001000000: -3.2426955113524900000000000000000
f'(x) h=0.0000100000: -3.2470442970061089000000000000000
f'(x) h=0.0000010000: -3.2856995869226546000000000000000
f'(x) h=0.0000001000: -3.3823378100744557000000000000000
f'(x) h=0.0000000100: 0.0000000000000000000000000000000
f'(x) h=0.0000000010: 0.0000000000000000000000000000000
f'(x) h=0.0000000001: 0.0000000000000000000000000000000
f''(x) h=0.1000000000: -0.0000090712849559445083000000000
f''(x) h=0.0100000000: -0.0000000000000247333620598255600
f''(x) h=0.0010000000: 0.0000000000002892617514873434100
f''(x) h=0.0001000000: -9.6638217219398808000000000000000
f''(x) h=0.0000100000: -0.0000000000497962728756922270000
f''(x) h=0.0000010000: -0.0000000002905471901592507600000
f''(x) h=0.0000001000: -9663822.3144980166000000000000000000000
f''(x) h=0.0000000100: 0.0000000000000000000000000000000
f''(x) h=0.0000000010: 0.0000000000000000000000000000000
f''(x) h=0.0000000001: 0.0000000000000000000000000000000

Integral (n = 10.000000) do spline de 0.000000 a 1.000000: 0.0354470927721954810000000000000
Integral (n = 100.000000) do spline de 0.000000 a 1.000000: 0.0033541382736247747000000000000
Integral (n = 1000.000000) do spline de 0.000000 a 1.000000: 0.0003335411757785952100000000000
Integral (n = 10000.000000) do spline de 0.000000 a 1.000000: 0.0000333353530526505690000000000
Integral (n = 100000.000000) do spline de 0.000000 a 1.000000: 0.0000033333511201603661000000000
Integral (n = 1000000.000000) do spline de 0.000000 a 1.000000: 0.0000003333343024343339500000000
Integrais dos intervalos do spline:
de 0.000000 a 0.250000: 0.1422588984322122900000000000000
de 0.250000 a 0.500000: 0.0589255650988789670000000000000
de 0.500000 a 0.750000: -0.0589255650988789460000000000000
de 0.750000 a 1.000000: -0.1422588984322122900000000000000
